<?xml version="1.0" encoding="UTF-8"?>
<!-- Generated by org.testng.reporters.JUnitReportReporter -->
<testsuite hostname="mtvl15397ae30" name="com.test.ui.SampleWebTest" tests="1" failures="0" timestamp="15 Mar 2018 22:17:29 GMT" time="14.443" errors="0">
  <testcase name="testGoogle" time="14.443" classname="com.test.ui.SampleWebTest"/>
</testsuite> <!-- com.test.ui.SampleWebTest -->
